<?xml version="1.0" encoding="UTF-8"?>
<testng-results ignored="0" total="1" passed="1" failed="0" skipped="0">
  <reporter-output>
  </reporter-output>
  <suite started-at="2024-10-30T15:47:45 IST" name="Default suite" finished-at="2024-10-30T15:47:48 IST" duration-ms="3201">
    <groups>
    </groups>
    <test started-at="2024-10-30T15:47:45 IST" name="Default test" finished-at="2024-10-30T15:47:48 IST" duration-ms="3201">
      <class name="Assaignment.T1">
        <test-method signature="task()[pri:0, instance:Assaignment.T1@4d9e68d0]" started-at="2024-10-30T15:47:45 IST" name="task" finished-at="2024-10-30T15:47:48 IST" duration-ms="3178" status="PASS">
          <reporter-output>
          </reporter-output>
        </test-method> <!-- task -->
      </class> <!-- Assaignment.T1 -->
    </test> <!-- Default test -->
  </suite> <!-- Default suite -->
</testng-results>
